mode: set
github.com/yangchenxing/go-toml2struct/toml.go:12.60,14.16 2 1
github.com/yangchenxing/go-toml2struct/toml.go:17.2,17.44 1 1
github.com/yangchenxing/go-toml2struct/toml.go:14.16,16.3 1 0
github.com/yangchenxing/go-toml2struct/toml.go:20.71,24.16 3 1
github.com/yangchenxing/go-toml2struct/toml.go:28.2,28.22 1 1
github.com/yangchenxing/go-toml2struct/toml.go:31.2,32.9 2 1
github.com/yangchenxing/go-toml2struct/toml.go:36.2,36.35 1 1
github.com/yangchenxing/go-toml2struct/toml.go:53.2,54.18 2 1
github.com/yangchenxing/go-toml2struct/toml.go:24.16,26.3 1 0
github.com/yangchenxing/go-toml2struct/toml.go:28.22,30.3 1 0
github.com/yangchenxing/go-toml2struct/toml.go:32.9,34.3 1 1
github.com/yangchenxing/go-toml2struct/toml.go:36.35,38.10 2 1
github.com/yangchenxing/go-toml2struct/toml.go:41.3,41.35 1 1
github.com/yangchenxing/go-toml2struct/toml.go:44.3,45.17 2 1
github.com/yangchenxing/go-toml2struct/toml.go:48.3,48.31 1 1
github.com/yangchenxing/go-toml2struct/toml.go:38.10,39.12 1 0
github.com/yangchenxing/go-toml2struct/toml.go:41.35,43.4 1 1
github.com/yangchenxing/go-toml2struct/toml.go:45.17,47.4 1 0
github.com/yangchenxing/go-toml2struct/toml.go:48.31,50.4 1 1
